<?xml version="1.0" encoding="UTF-8"?>
<testsuite xmlns:xsi="http://www.w3.org/2001/XMLSchema-instance" xsi:noNamespaceSchemaLocation="https://maven.apache.org/surefire/maven-surefire-plugin/xsd/surefire-test-report-3.0.xsd" version="3.0" name="com.example.edutech.EdutechApplicationTests" time="2.199" tests="1" errors="0" skipped="0" failures="0">
  <properties>
[...]
</properties>
  <testcase name="contextLoads" classname="com.example.edutech.EdutechApplicationTests" time="0.656">
    <system-out><![CDATA[00:15:12.821 [main] INFO org.springframework.test.context.support.AnnotationConfigContextLoaderUtils -- Could not detect default configuration classes for test class [com.example.edutech.EdutechApplicationTests]: EdutechApplicationTests does not declare any static, non-private, non-final, nested classes annotated with @Configuration.
00:15:12.859 [main] INFO org.springframework.boot.test.context.SpringBootTestContextBootstrapper -- Found @SpringBootConfiguration com.example.edutech.EdutechApplication for test class com.example.edutech.EdutechApplicationTests

  .   ____          _            __ _ _
 /\\ / ___'_ __ _ _(_)_ __  __ _ \ \ \ \
( ( )\___ | '_ | '_| | '_ \/ _` | \ \ \ \
 \\/  ___)| |_)| | | | | || (_| |  ) ) ) )
  '  |____| .__|_| |_|_| |_\__, | / / / /
 =========|_|==============|___/=/_/_/_/

 :: Spring Boot ::               (v3.3.10)

2025-04-25T00:15:13.231-04:00  INFO 14324 --- [edutech] [           main] c.e.edutech.EdutechApplicationTests      : Starting EdutechApplicationTests using Java 21.0.6 with PID 14324 (started by chifu in C:\Users\chifu\Desktop\Nueva carpeta\microservicios-EduT\gestion-usuarios)
2025-04-25T00:15:13.232-04:00  INFO 14324 --- [edutech] [           main] c.e.edutech.EdutechApplicationTests      : No active profile set, falling back to 1 default profile: "default"
2025-04-25T00:15:14.342-04:00  INFO 14324 --- [edutech] [           main] c.e.edutech.EdutechApplicationTests      : Started EdutechApplicationTests in 1.35 seconds (process running for 2.478)
]]></system-out>
    <system-err><![CDATA[WARNING: A Java agent has been loaded dynamically (C:\Users\chifu\.m2\repository\net\bytebuddy\byte-buddy-agent\1.14.19\byte-buddy-agent-1.14.19.jar)
WARNING: If a serviceability tool is in use, please run with -XX:+EnableDynamicAgentLoading to hide this warning
WARNING: If a serviceability tool is not in use, please run with -Djdk.instrument.traceUsage for more information
WARNING: Dynamic loading of agents will be disallowed by default in a future release
]]></system-err>
  </testcase>
</testsuite>